[==========] Running 10 tests from 1 test suite.
[----------] Global test environment set-up.
[----------] 10 tests from string_map_test
[ RUN      ] string_map_test.vacio
[       OK ] string_map_test.vacio (11 ms)
[ RUN      ] string_map_test.asignar
[       OK ] string_map_test.asignar (35 ms)
[ RUN      ] string_map_test.obtener
[       OK ] string_map_test.obtener (17 ms)
[ RUN      ] string_map_test.redefinir
[       OK ] string_map_test.redefinir (5 ms)
[ RUN      ] string_map_test.count
[       OK ] string_map_test.count (16 ms)
[ RUN      ] string_map_test.copiar
[       OK ] string_map_test.copiar (23 ms)
[ RUN      ] string_map_test.no_aliasing
[       OK ] string_map_test.no_aliasing (4 ms)
[ RUN      ] string_map_test.TrieDeTries
[       OK ] string_map_test.TrieDeTries (45 ms)
[ RUN      ] string_map_test.eraseUnicaClave
[       OK ] string_map_test.eraseUnicaClave (3 ms)
[ RUN      ] string_map_test.erase
[       OK ] string_map_test.erase (14 ms)
[----------] 10 tests from string_map_test (180 ms total)

[----------] Global test environment tear-down
[==========] 10 tests from 1 test suite ran. (206 ms total)
[  PASSED  ] 10 tests.
